{"meta": {"format": 3, "version": "7.13.2", "timestamp": "2026-02-03T07:00:59.812267", "branch_coverage": false, "show_contexts": false}, "files": {"tikz2svg/svg/__init__.py": {"executed_lines": [3, 5], "summary": {"covered_lines": 2, "num_statements": 2, "percent_covered": 100.0, "percent_covered_display": "100", "missing_lines": 0, "excluded_lines": 0, "percent_statements_covered": 100.0, "percent_statements_covered_display": "100"}, "missing_lines": [], "excluded_lines": [], "functions": {"": {"executed_lines": [3, 5], "summary": {"covered_lines": 2, "num_statements": 2, "percent_covered": 100.0, "percent_covered_display": "100", "missing_lines": 0, "excluded_lines": 0, "percent_statements_covered": 100.0, "percent_statements_covered_display": "100"}, "missing_lines": [], "excluded_lines": [], "start_line": 1}}, "classes": {"": {"executed_lines": [3, 5], "summary": {"covered_lines": 2, "num_statements": 2, "percent_covered": 100.0, "percent_covered_display": "100", "missing_lines": 0, "excluded_lines": 0, "percent_statements_covered": 100.0, "percent_statements_covered_display": "100"}, "missing_lines": [], "excluded_lines": [], "start_line": 1}}}, "tikz2svg/svg/converter.py": {"executed_lines": [3, 5, 6, 7, 8, 9, 10, 11, 12, 15, 18, 27, 28, 29, 30, 31, 34, 35, 38, 39, 44, 47, 49, 51, 54, 57, 61, 62, 63, 64, 67, 68, 72, 74, 76, 77, 79, 81, 94, 96, 97, 98, 99, 100, 101, 102, 103, 104, 105, 106, 107, 108, 109, 110, 111, 112, 113, 114, 115, 118, 120, 123, 124, 127, 128, 129, 131, 137, 139, 141, 142, 147, 148, 151, 153, 155, 157, 158, 159, 160, 162, 164, 165, 166, 167, 168, 170, 174, 175, 177, 179, 189, 192, 194, 196, 197, 198, 199, 201, 203, 205, 206, 207, 208, 210, 211, 212, 213, 216, 229, 230, 231, 232, 236, 237, 239, 241, 252, 253, 255, 256, 258, 260, 262, 265, 267, 270, 272, 276, 277, 278, 279, 280, 282, 285, 286, 288, 291], "summary": {"covered_lines": 138, "num_statements": 157, "percent_covered": 87.89808917197452, "percent_covered_display": "88", "missing_lines": 19, "excluded_lines": 0, "percent_statements_covered": 87.89808917197452, "percent_statements_covered_display": "88"}, "missing_lines": [58, 78, 83, 116, 132, 133, 134, 135, 144, 171, 217, 218, 219, 222, 223, 224, 225, 226, 283], "excluded_lines": [], "functions": {"SVGConverter.__init__": {"executed_lines": [27, 28, 29, 30, 31, 34, 35, 38, 39, 44, 47], "summary": {"covered_lines": 11, "num_statements": 11, "percent_covered": 100.0, "percent_covered_display": "100", "missing_lines": 0, "excluded_lines": 0, "percent_statements_covered": 100.0, "percent_statements_covered_display": "100"}, "missing_lines": [], "excluded_lines": [], "start_line": 18}, "SVGConverter.convert": {"executed_lines": [51, 54, 57, 61, 62, 63, 64, 67, 68, 72], "summary": {"covered_lines": 10, "num_statements": 11, "percent_covered": 90.9090909090909, "percent_covered_display": "91", "missing_lines": 1, "excluded_lines": 0, "percent_statements_covered": 90.9090909090909, "percent_statements_covered_display": "91"}, "missing_lines": [58], "excluded_lines": [], "start_line": 49}, "SVGConverter._check_for_arrows": {"executed_lines": [76, 77, 79], "summary": {"covered_lines": 3, "num_statements": 4, "percent_covered": 75.0, "percent_covered_display": "75", "missing_lines": 1, "excluded_lines": 0, "percent_statements_covered": 75.0, "percent_statements_covered_display": "75"}, "missing_lines": [78], "excluded_lines": [], "start_line": 74}, "SVGConverter._create_arrow_markers": {"executed_lines": [], "summary": {"covered_lines": 0, "num_statements": 1, "percent_covered": 0.0, "percent_covered_display": "0", "missing_lines": 1, "excluded_lines": 0, "percent_statements_covered": 0.0, "percent_statements_covered_display": "0"}, "missing_lines": [83], "excluded_lines": [], "start_line": 81}, "SVGConverter.visit_statement": {"executed_lines": [96, 97, 98, 99, 100, 101, 102, 103, 104, 105, 106, 107, 108, 109, 110, 111, 112, 113, 114, 115], "summary": {"covered_lines": 20, "num_statements": 21, "percent_covered": 95.23809523809524, "percent_covered_display": "95", "missing_lines": 1, "excluded_lines": 0, "percent_statements_covered": 95.23809523809524, "percent_statements_covered_display": "95"}, "missing_lines": [116], "excluded_lines": [], "start_line": 94}, "SVGConverter.visit_draw_statement": {"executed_lines": [120, 123, 124, 127, 128, 129, 131, 137], "summary": {"covered_lines": 8, "num_statements": 12, "percent_covered": 66.66666666666667, "percent_covered_display": "67", "missing_lines": 4, "excluded_lines": 0, "percent_statements_covered": 66.66666666666667, "percent_statements_covered_display": "67"}, "missing_lines": [132, 133, 134, 135], "excluded_lines": [], "start_line": 118}, "SVGConverter.visit_node": {"executed_lines": [141, 142, 147, 148, 151, 153], "summary": {"covered_lines": 6, "num_statements": 7, "percent_covered": 85.71428571428571, "percent_covered_display": "86", "missing_lines": 1, "excluded_lines": 0, "percent_statements_covered": 85.71428571428571, "percent_statements_covered_display": "86"}, "missing_lines": [144], "excluded_lines": [], "start_line": 139}, "SVGConverter.visit_coordinate_definition": {"executed_lines": [157, 158, 159, 160], "summary": {"covered_lines": 4, "num_statements": 4, "percent_covered": 100.0, "percent_covered_display": "100", "missing_lines": 0, "excluded_lines": 0, "percent_statements_covered": 100.0, "percent_statements_covered_display": "100"}, "missing_lines": [], "excluded_lines": [], "start_line": 155}, "SVGConverter.visit_scope": {"executed_lines": [164, 165, 166, 167, 168, 170, 174, 175, 177], "summary": {"covered_lines": 9, "num_statements": 10, "percent_covered": 90.0, "percent_covered_display": "90", "missing_lines": 1, "excluded_lines": 0, "percent_statements_covered": 90.0, "percent_statements_covered_display": "90"}, "missing_lines": [171], "excluded_lines": [], "start_line": 162}, "SVGConverter.visit_foreach_loop": {"executed_lines": [189, 192, 194, 196, 197, 198, 199, 201, 203, 205, 206, 207, 208, 210, 211, 212, 213, 216, 229, 230, 231, 232, 236, 237, 239], "summary": {"covered_lines": 25, "num_statements": 33, "percent_covered": 75.75757575757575, "percent_covered_display": "76", "missing_lines": 8, "excluded_lines": 0, "percent_statements_covered": 75.75757575757575, "percent_statements_covered_display": "76"}, "missing_lines": [217, 218, 219, 222, 223, 224, 225, 226], "excluded_lines": [], "start_line": 179}, "SVGConverter.visit_macro_definition": {"executed_lines": [252, 253, 255, 256, 258, 260], "summary": {"covered_lines": 6, "num_statements": 6, "percent_covered": 100.0, "percent_covered_display": "100", "missing_lines": 0, "excluded_lines": 0, "percent_statements_covered": 100.0, "percent_statements_covered_display": "100"}, "missing_lines": [], "excluded_lines": [], "start_line": 241}, "SVGConverter.visit_layer_declaration": {"executed_lines": [265], "summary": {"covered_lines": 1, "num_statements": 1, "percent_covered": 100.0, "percent_covered_display": "100", "missing_lines": 0, "excluded_lines": 0, "percent_statements_covered": 100.0, "percent_statements_covered_display": "100"}, "missing_lines": [], "excluded_lines": [], "start_line": 262}, "SVGConverter.visit_layer_set": {"executed_lines": [270], "summary": {"covered_lines": 1, "num_statements": 1, "percent_covered": 100.0, "percent_covered_display": "100", "missing_lines": 0, "excluded_lines": 0, "percent_statements_covered": 100.0, "percent_statements_covered_display": "100"}, "missing_lines": [], "excluded_lines": [], "start_line": 267}, "SVGConverter.visit_layer": {"executed_lines": [276, 277, 278, 279, 280, 282, 285, 286], "summary": {"covered_lines": 8, "num_statements": 9, "percent_covered": 88.88888888888889, "percent_covered_display": "89", "missing_lines": 1, "excluded_lines": 0, "percent_statements_covered": 88.88888888888889, "percent_statements_covered_display": "89"}, "missing_lines": [283], "excluded_lines": [], "start_line": 272}, "SVGConverter.visit_style_definition": {"executed_lines": [291], "summary": {"covered_lines": 1, "num_statements": 1, "percent_covered": 100.0, "percent_covered_display": "100", "missing_lines": 0, "excluded_lines": 0, "percent_statements_covered": 100.0, "percent_statements_covered_display": "100"}, "missing_lines": [], "excluded_lines": [], "start_line": 288}, "": {"executed_lines": [3, 5, 6, 7, 8, 9, 10, 11, 12, 15, 18, 49, 74, 81, 94, 118, 139, 155, 162, 179, 241, 262, 267, 272, 288], "summary": {"covered_lines": 25, "num_statements": 25, "percent_covered": 100.0, "percent_covered_display": "100", "missing_lines": 0, "excluded_lines": 0, "percent_statements_covered": 100.0, "percent_statements_covered_display": "100"}, "missing_lines": [], "excluded_lines": [], "start_line": 1}}, "classes": {"SVGConverter": {"executed_lines": [27, 28, 29, 30, 31, 34, 35, 38, 39, 44, 47, 51, 54, 57, 61, 62, 63, 64, 67, 68, 72, 76, 77, 79, 96, 97, 98, 99, 100, 101, 102, 103, 104, 105, 106, 107, 108, 109, 110, 111, 112, 113, 114, 115, 120, 123, 124, 127, 128, 129, 131, 137, 141, 142, 147, 148, 151, 153, 157, 158, 159, 160, 164, 165, 166, 167, 168, 170, 174, 175, 177, 189, 192, 194, 196, 197, 198, 199, 201, 203, 205, 206, 207, 208, 210, 211, 212, 213, 216, 229, 230, 231, 232, 236, 237, 239, 252, 253, 255, 256, 258, 260, 265, 270, 276, 277, 278, 279, 280, 282, 285, 286, 291], "summary": {"covered_lines": 113, "num_statements": 132, "percent_covered": 85.60606060606061, "percent_covered_display": "86", "missing_lines": 19, "excluded_lines": 0, "percent_statements_covered": 85.60606060606061, "percent_statements_covered_display": "86"}, "missing_lines": [58, 78, 83, 116, 132, 133, 134, 135, 144, 171, 217, 218, 219, 222, 223, 224, 225, 226, 283], "excluded_lines": [], "start_line": 15}, "": {"executed_lines": [3, 5, 6, 7, 8, 9, 10, 11, 12, 15, 18, 49, 74, 81, 94, 118, 139, 155, 162, 179, 241, 262, 267, 272, 288], "summary": {"covered_lines": 25, "num_statements": 25, "percent_covered": 100.0, "percent_covered_display": "100", "missing_lines": 0, "excluded_lines": 0, "percent_statements_covered": 100.0, "percent_statements_covered_display": "100"}, "missing_lines": [], "excluded_lines": [], "start_line": 1}}}, "tikz2svg/svg/coordinate_resolver.py": {"executed_lines": [3, 5, 8, 18, 28, 29, 30, 32, 44, 45, 46, 47, 48, 49, 50, 51, 56, 65, 66, 67, 69, 78, 79, 80, 81, 83, 92, 93, 94, 98, 110, 111, 113, 114, 115, 116, 117, 118, 119, 124, 125, 127, 137, 146, 147, 149, 150, 151, 152, 154, 155, 156, 157, 161], "summary": {"covered_lines": 54, "num_statements": 64, "percent_covered": 84.375, "percent_covered_display": "84", "missing_lines": 10, "excluded_lines": 0, "percent_statements_covered": 84.375, "percent_statements_covered_display": "84"}, "missing_lines": [54, 96, 121, 130, 131, 132, 133, 135, 159, 168], "excluded_lines": [], "functions": {"CoordinateResolver.__init__": {"executed_lines": [28, 29, 30], "summary": {"covered_lines": 3, "num_statements": 3, "percent_covered": 100.0, "percent_covered_display": "100", "missing_lines": 0, "excluded_lines": 0, "percent_statements_covered": 100.0, "percent_statements_covered_display": "100"}, "missing_lines": [], "excluded_lines": [], "start_line": 18}, "CoordinateResolver.resolve": {"executed_lines": [44, 45, 46, 47, 48, 49, 50, 51], "summary": {"covered_lines": 8, "num_statements": 9, "percent_covered": 88.88888888888889, "percent_covered_display": "89", "missing_lines": 1, "excluded_lines": 0, "percent_statements_covered": 88.88888888888889, "percent_statements_covered_display": "89"}, "missing_lines": [54], "excluded_lines": [], "start_line": 32}, "CoordinateResolver._resolve_cartesian": {"executed_lines": [65, 66, 67], "summary": {"covered_lines": 3, "num_statements": 3, "percent_covered": 100.0, "percent_covered_display": "100", "missing_lines": 0, "excluded_lines": 0, "percent_statements_covered": 100.0, "percent_statements_covered_display": "100"}, "missing_lines": [], "excluded_lines": [], "start_line": 56}, "CoordinateResolver._resolve_polar": {"executed_lines": [78, 79, 80, 81], "summary": {"covered_lines": 4, "num_statements": 4, "percent_covered": 100.0, "percent_covered_display": "100", "missing_lines": 0, "excluded_lines": 0, "percent_statements_covered": 100.0, "percent_statements_covered_display": "100"}, "missing_lines": [], "excluded_lines": [], "start_line": 69}, "CoordinateResolver._resolve_named": {"executed_lines": [92, 93, 94], "summary": {"covered_lines": 3, "num_statements": 4, "percent_covered": 75.0, "percent_covered_display": "75", "missing_lines": 1, "excluded_lines": 0, "percent_statements_covered": 75.0, "percent_statements_covered_display": "75"}, "missing_lines": [96], "excluded_lines": [], "start_line": 83}, "CoordinateResolver._resolve_relative": {"executed_lines": [110, 111, 113, 114, 115, 116, 117, 118, 119, 124, 125, 127], "summary": {"covered_lines": 12, "num_statements": 18, "percent_covered": 66.66666666666667, "percent_covered_display": "67", "missing_lines": 6, "excluded_lines": 0, "percent_statements_covered": 66.66666666666667, "percent_statements_covered_display": "67"}, "missing_lines": [121, 130, 131, 132, 133, 135], "excluded_lines": [], "start_line": 98}, "CoordinateResolver.eval_value": {"executed_lines": [146, 147, 149, 150, 151, 152, 154, 155, 156, 157], "summary": {"covered_lines": 10, "num_statements": 11, "percent_covered": 90.9090909090909, "percent_covered_display": "91", "missing_lines": 1, "excluded_lines": 0, "percent_statements_covered": 90.9090909090909, "percent_statements_covered_display": "91"}, "missing_lines": [159], "excluded_lines": [], "start_line": 137}, "CoordinateResolver.store_named": {"executed_lines": [], "summary": {"covered_lines": 0, "num_statements": 1, "percent_covered": 0.0, "percent_covered_display": "0", "missing_lines": 1, "excluded_lines": 0, "percent_statements_covered": 0.0, "percent_statements_covered_display": "0"}, "missing_lines": [168], "excluded_lines": [], "start_line": 161}, "": {"executed_lines": [3, 5, 8, 18, 32, 56, 69, 83, 98, 137, 161], "summary": {"covered_lines": 11, "num_statements": 11, "percent_covered": 100.0, "percent_covered_display": "100", "missing_lines": 0, "excluded_lines": 0, "percent_statements_covered": 100.0, "percent_statements_covered_display": "100"}, "missing_lines": [], "excluded_lines": [], "start_line": 1}}, "classes": {"CoordinateResolver": {"executed_lines": [28, 29, 30, 44, 45, 46, 47, 48, 49, 50, 51, 65, 66, 67, 78, 79, 80, 81, 92, 93, 94, 110, 111, 113, 114, 115, 116, 117, 118, 119, 124, 125, 127, 146, 147, 149, 150, 151, 152, 154, 155, 156, 157], "summary": {"covered_lines": 43, "num_statements": 53, "percent_covered": 81.13207547169812, "percent_covered_display": "81", "missing_lines": 10, "excluded_lines": 0, "percent_statements_covered": 81.13207547169812, "percent_statements_covered_display": "81"}, "missing_lines": [54, 96, 121, 130, 131, 132, 133, 135, 159, 168], "excluded_lines": [], "start_line": 8}, "": {"executed_lines": [3, 5, 8, 18, 32, 56, 69, 83, 98, 137, 161], "summary": {"covered_lines": 11, "num_statements": 11, "percent_covered": 100.0, "percent_covered_display": "100", "missing_lines": 0, "excluded_lines": 0, "percent_statements_covered": 100.0, "percent_statements_covered_display": "100"}, "missing_lines": [], "excluded_lines": [], "start_line": 1}}}, "tikz2svg/svg/geometry.py": {"executed_lines": [3, 4, 7, 10, 19, 20, 21, 23, 37, 38, 39, 41, 52, 53, 54, 55, 57], "summary": {"covered_lines": 17, "num_statements": 23, "percent_covered": 73.91304347826087, "percent_covered_display": "74", "missing_lines": 6, "excluded_lines": 0, "percent_statements_covered": 73.91304347826087, "percent_statements_covered_display": "74"}, "missing_lines": [73, 74, 75, 78, 81, 83], "excluded_lines": [], "functions": {"CoordinateTransformer.__init__": {"executed_lines": [19, 20, 21], "summary": {"covered_lines": 3, "num_statements": 3, "percent_covered": 100.0, "percent_covered_display": "100", "missing_lines": 0, "excluded_lines": 0, "percent_statements_covered": 100.0, "percent_statements_covered_display": "100"}, "missing_lines": [], "excluded_lines": [], "start_line": 10}, "CoordinateTransformer.tikz_to_svg": {"executed_lines": [37, 38, 39], "summary": {"covered_lines": 3, "num_statements": 3, "percent_covered": 100.0, "percent_covered_display": "100", "missing_lines": 0, "excluded_lines": 0, "percent_statements_covered": 100.0, "percent_statements_covered_display": "100"}, "missing_lines": [], "excluded_lines": [], "start_line": 23}, "CoordinateTransformer.polar_to_cartesian": {"executed_lines": [52, 53, 54, 55], "summary": {"covered_lines": 4, "num_statements": 4, "percent_covered": 100.0, "percent_covered_display": "100", "missing_lines": 0, "excluded_lines": 0, "percent_statements_covered": 100.0, "percent_statements_covered_display": "100"}, "missing_lines": [], "excluded_lines": [], "start_line": 41}, "CoordinateTransformer.calculate_arc_path": {"executed_lines": [], "summary": {"covered_lines": 0, "num_statements": 6, "percent_covered": 0.0, "percent_covered_display": "0", "missing_lines": 6, "excluded_lines": 0, "percent_statements_covered": 0.0, "percent_statements_covered_display": "0"}, "missing_lines": [73, 74, 75, 78, 81, 83], "excluded_lines": [], "start_line": 57}, "": {"executed_lines": [3, 4, 7, 10, 23, 41, 57], "summary": {"covered_lines": 7, "num_statements": 7, "percent_covered": 100.0, "percent_covered_display": "100", "missing_lines": 0, "excluded_lines": 0, "percent_statements_covered": 100.0, "percent_statements_covered_display": "100"}, "missing_lines": [], "excluded_lines": [], "start_line": 1}}, "classes": {"CoordinateTransformer": {"executed_lines": [19, 20, 21, 37, 38, 39, 52, 53, 54, 55], "summary": {"covered_lines": 10, "num_statements": 16, "percent_covered": 62.5, "percent_covered_display": "62", "missing_lines": 6, "excluded_lines": 0, "percent_statements_covered": 62.5, "percent_statements_covered_display": "62"}, "missing_lines": [73, 74, 75, 78, 81, 83], "excluded_lines": [], "start_line": 7}, "": {"executed_lines": [3, 4, 7, 10, 23, 41, 57], "summary": {"covered_lines": 7, "num_statements": 7, "percent_covered": 100.0, "percent_covered_display": "100", "missing_lines": 0, "excluded_lines": 0, "percent_statements_covered": 100.0, "percent_statements_covered_display": "100"}, "missing_lines": [], "excluded_lines": [], "start_line": 1}}}, "tikz2svg/svg/option_processor.py": {"executed_lines": [3, 6, 15, 21, 23, 32, 34, 35, 37, 38, 40, 43, 45, 47, 48, 49, 50, 51, 54, 64, 65, 67, 69, 79, 80, 82, 83, 84], "summary": {"covered_lines": 28, "num_statements": 35, "percent_covered": 80.0, "percent_covered_display": "80", "missing_lines": 7, "excluded_lines": 0, "percent_statements_covered": 80.0, "percent_statements_covered_display": "80"}, "missing_lines": [57, 58, 59, 60, 61, 85, 86], "excluded_lines": [], "functions": {"OptionProcessor.__init__": {"executed_lines": [21], "summary": {"covered_lines": 1, "num_statements": 1, "percent_covered": 100.0, "percent_covered_display": "100", "missing_lines": 0, "excluded_lines": 0, "percent_statements_covered": 100.0, "percent_statements_covered_display": "100"}, "missing_lines": [], "excluded_lines": [], "start_line": 15}, "OptionProcessor.process": {"executed_lines": [32, 34, 35, 37, 38, 40, 43, 45, 47, 48, 49, 50, 51, 54, 64, 65, 67], "summary": {"covered_lines": 17, "num_statements": 22, "percent_covered": 77.27272727272727, "percent_covered_display": "77", "missing_lines": 5, "excluded_lines": 0, "percent_statements_covered": 77.27272727272727, "percent_statements_covered_display": "77"}, "missing_lines": [57, 58, 59, 60, 61], "excluded_lines": [], "start_line": 23}, "OptionProcessor.safe_evaluate": {"executed_lines": [79, 80, 82, 83, 84], "summary": {"covered_lines": 5, "num_statements": 7, "percent_covered": 71.42857142857143, "percent_covered_display": "71", "missing_lines": 2, "excluded_lines": 0, "percent_statements_covered": 71.42857142857143, "percent_statements_covered_display": "71"}, "missing_lines": [85, 86], "excluded_lines": [], "start_line": 69}, "": {"executed_lines": [3, 6, 15, 23, 69], "summary": {"covered_lines": 5, "num_statements": 5, "percent_covered": 100.0, "percent_covered_display": "100", "missing_lines": 0, "excluded_lines": 0, "percent_statements_covered": 100.0, "percent_statements_covered_display": "100"}, "missing_lines": [], "excluded_lines": [], "start_line": 1}}, "classes": {"OptionProcessor": {"executed_lines": [21, 32, 34, 35, 37, 38, 40, 43, 45, 47, 48, 49, 50, 51, 54, 64, 65, 67, 79, 80, 82, 83, 84], "summary": {"covered_lines": 23, "num_statements": 30, "percent_covered": 76.66666666666667, "percent_covered_display": "77", "missing_lines": 7, "excluded_lines": 0, "percent_statements_covered": 76.66666666666667, "percent_statements_covered_display": "77"}, "missing_lines": [57, 58, 59, 60, 61, 85, 86], "excluded_lines": [], "start_line": 6}, "": {"executed_lines": [3, 6, 15, 23, 69], "summary": {"covered_lines": 5, "num_statements": 5, "percent_covered": 100.0, "percent_covered_display": "100", "missing_lines": 0, "excluded_lines": 0, "percent_statements_covered": 100.0, "percent_statements_covered_display": "100"}, "missing_lines": [], "excluded_lines": [], "start_line": 1}}}, "tikz2svg/svg/path_renderer.py": {"executed_lines": [3, 5, 8, 18, 25, 26, 28, 37, 38, 40, 42, 44, 45, 47, 49, 51, 52, 53, 54, 56, 58, 59, 61, 67, 73, 74, 75, 88, 90, 91, 93, 94, 95, 96, 116, 117, 118, 119, 121, 123, 125, 135, 138, 140, 142, 143, 144, 150, 152, 153, 156, 157, 159, 160, 163, 164, 166, 170, 171, 172, 177, 179, 180, 181, 183, 184, 186, 188, 198, 199, 205, 232, 251, 274, 297], "summary": {"covered_lines": 75, "num_statements": 143, "percent_covered": 52.44755244755245, "percent_covered_display": "52", "missing_lines": 68, "excluded_lines": 0, "percent_statements_covered": 52.44755244755245, "percent_statements_covered_display": "52"}, "missing_lines": [62, 63, 65, 77, 79, 80, 81, 83, 84, 85, 86, 97, 99, 100, 101, 103, 104, 105, 106, 107, 108, 109, 110, 113, 136, 221, 223, 224, 225, 226, 228, 229, 230, 245, 246, 247, 248, 249, 265, 266, 268, 271, 272, 287, 288, 289, 295, 310, 311, 313, 314, 317, 319, 322, 323, 324, 325, 327, 328, 329, 330, 331, 334, 335, 336, 337, 338, 340], "excluded_lines": [], "functions": {"PathRenderer.__init__": {"executed_lines": [25, 26], "summary": {"covered_lines": 2, "num_statements": 2, "percent_covered": 100.0, "percent_covered_display": "100", "missing_lines": 0, "excluded_lines": 0, "percent_statements_covered": 100.0, "percent_statements_covered_display": "100"}, "missing_lines": [], "excluded_lines": [], "start_line": 18}, "PathRenderer.render_path": {"executed_lines": [37, 38, 40, 42, 44, 45, 47, 49, 51, 52, 53, 54, 56, 58, 59, 61, 67, 73, 74, 75, 88, 90, 91, 93, 94, 95, 96, 116, 117, 118, 119, 121, 123], "summary": {"covered_lines": 33, "num_statements": 57, "percent_covered": 57.89473684210526, "percent_covered_display": "58", "missing_lines": 24, "excluded_lines": 0, "percent_statements_covered": 57.89473684210526, "percent_statements_covered_display": "58"}, "missing_lines": [62, 63, 65, 77, 79, 80, 81, 83, 84, 85, 86, 97, 99, 100, 101, 103, 104, 105, 106, 107, 108, 109, 110, 113], "excluded_lines": [], "start_line": 28}, "PathRenderer.render_arc": {"executed_lines": [135, 138, 140, 142, 143, 144, 150, 152, 153, 156, 157, 159, 160, 163, 164, 166, 170, 171, 172, 177, 179, 180, 181, 183, 184, 186], "summary": {"covered_lines": 26, "num_statements": 27, "percent_covered": 96.29629629629629, "percent_covered_display": "96", "missing_lines": 1, "excluded_lines": 0, "percent_statements_covered": 96.29629629629629, "percent_statements_covered_display": "96"}, "missing_lines": [136], "excluded_lines": [], "start_line": 125}, "PathRenderer._render_circle_as_path": {"executed_lines": [198, 199], "summary": {"covered_lines": 2, "num_statements": 2, "percent_covered": 100.0, "percent_covered_display": "100", "missing_lines": 0, "excluded_lines": 0, "percent_statements_covered": 100.0, "percent_statements_covered_display": "100"}, "missing_lines": [], "excluded_lines": [], "start_line": 188}, "PathRenderer._render_bezier": {"executed_lines": [], "summary": {"covered_lines": 0, "num_statements": 8, "percent_covered": 0.0, "percent_covered_display": "0", "missing_lines": 8, "excluded_lines": 0, "percent_statements_covered": 0.0, "percent_statements_covered_display": "0"}, "missing_lines": [221, 223, 224, 225, 226, 228, 229, 230], "excluded_lines": [], "start_line": 205}, "PathRenderer._render_simple_curve": {"executed_lines": [], "summary": {"covered_lines": 0, "num_statements": 5, "percent_covered": 0.0, "percent_covered_display": "0", "missing_lines": 5, "excluded_lines": 0, "percent_statements_covered": 0.0, "percent_statements_covered_display": "0"}, "missing_lines": [245, 246, 247, 248, 249], "excluded_lines": [], "start_line": 232}, "PathRenderer._render_orthogonal": {"executed_lines": [], "summary": {"covered_lines": 0, "num_statements": 5, "percent_covered": 0.0, "percent_covered_display": "0", "missing_lines": 5, "excluded_lines": 0, "percent_statements_covered": 0.0, "percent_statements_covered_display": "0"}, "missing_lines": [265, 266, 268, 271, 272], "excluded_lines": [], "start_line": 251}, "PathRenderer._render_rectangle": {"executed_lines": [], "summary": {"covered_lines": 0, "num_statements": 4, "percent_covered": 0.0, "percent_covered_display": "0", "missing_lines": 4, "excluded_lines": 0, "percent_statements_covered": 0.0, "percent_statements_covered_display": "0"}, "missing_lines": [287, 288, 289, 295], "excluded_lines": [], "start_line": 274}, "PathRenderer._render_grid": {"executed_lines": [], "summary": {"covered_lines": 0, "num_statements": 21, "percent_covered": 0.0, "percent_covered_display": "0", "missing_lines": 21, "excluded_lines": 0, "percent_statements_covered": 0.0, "percent_statements_covered_display": "0"}, "missing_lines": [310, 311, 313, 314, 317, 319, 322, 323, 324, 325, 327, 328, 329, 330, 331, 334, 335, 336, 337, 338, 340], "excluded_lines": [], "start_line": 297}, "": {"executed_lines": [3, 5, 8, 18, 28, 125, 188, 205, 232, 251, 274, 297], "summary": {"covered_lines": 12, "num_statements": 12, "percent_covered": 100.0, "percent_covered_display": "100", "missing_lines": 0, "excluded_lines": 0, "percent_statements_covered": 100.0, "percent_statements_covered_display": "100"}, "missing_lines": [], "excluded_lines": [], "start_line": 1}}, "classes": {"PathRenderer": {"executed_lines": [25, 26, 37, 38, 40, 42, 44, 45, 47, 49, 51, 52, 53, 54, 56, 58, 59, 61, 67, 73, 74, 75, 88, 90, 91, 93, 94, 95, 96, 116, 117, 118, 119, 121, 123, 135, 138, 140, 142, 143, 144, 150, 152, 153, 156, 157, 159, 160, 163, 164, 166, 170, 171, 172, 177, 179, 180, 181, 183, 184, 186, 198, 199], "summary": {"covered_lines": 63, "num_statements": 131, "percent_covered": 48.091603053435115, "percent_covered_display": "48", "missing_lines": 68, "excluded_lines": 0, "percent_statements_covered": 48.091603053435115, "percent_statements_covered_display": "48"}, "missing_lines": [62, 63, 65, 77, 79, 80, 81, 83, 84, 85, 86, 97, 99, 100, 101, 103, 104, 105, 106, 107, 108, 109, 110, 113, 136, 221, 223, 224, 225, 226, 228, 229, 230, 245, 246, 247, 248, 249, 265, 266, 268, 271, 272, 287, 288, 289, 295, 310, 311, 313, 314, 317, 319, 322, 323, 324, 325, 327, 328, 329, 330, 331, 334, 335, 336, 337, 338, 340], "excluded_lines": [], "start_line": 8}, "": {"executed_lines": [3, 5, 8, 18, 28, 125, 188, 205, 232, 251, 274, 297], "summary": {"covered_lines": 12, "num_statements": 12, "percent_covered": 100.0, "percent_covered_display": "100", "missing_lines": 0, "excluded_lines": 0, "percent_statements_covered": 100.0, "percent_statements_covered_display": "100"}, "missing_lines": [], "excluded_lines": [], "start_line": 1}}}, "tikz2svg/svg/styles.py": {"executed_lines": [3, 6, 10, 33, 43, 54, 57, 58, 59, 60, 61, 62, 63, 64, 65, 66, 67, 69, 70, 71, 72, 73, 76, 77, 78, 79, 82, 88, 89, 90, 91, 93, 95, 97, 100, 113, 116, 117, 120, 122, 124, 137, 142, 143, 144, 147, 151, 153, 154, 156, 158, 168, 171, 174, 178, 179, 188, 232, 260, 288, 291, 292, 293, 296, 298, 301, 303, 305, 306], "summary": {"covered_lines": 69, "num_statements": 134, "percent_covered": 51.492537313432834, "percent_covered_display": "51", "missing_lines": 65, "excluded_lines": 0, "percent_statements_covered": 51.492537313432834, "percent_statements_covered_display": "51"}, "missing_lines": [83, 84, 85, 101, 102, 103, 104, 105, 106, 107, 108, 109, 111, 138, 139, 148, 152, 169, 175, 182, 183, 186, 203, 206, 207, 208, 209, 211, 212, 214, 215, 218, 219, 220, 221, 222, 223, 224, 225, 228, 229, 230, 245, 246, 249, 250, 251, 254, 255, 256, 258, 271, 272, 273, 274, 276, 279, 280, 281, 286, 307, 308, 309, 311, 312], "excluded_lines": [], "functions": {"StyleConverter.convert": {"executed_lines": [54, 57, 58, 59, 60, 61, 62, 63, 64, 65, 66, 67, 69, 70, 71, 72, 73, 76, 77, 78, 79, 82, 88, 89, 90, 91, 93], "summary": {"covered_lines": 27, "num_statements": 30, "percent_covered": 90.0, "percent_covered_display": "90", "missing_lines": 3, "excluded_lines": 0, "percent_statements_covered": 90.0, "percent_statements_covered_display": "90"}, "missing_lines": [83, 84, 85], "excluded_lines": [], "start_line": 43}, "StyleConverter.convert_text_style": {"executed_lines": [97, 100, 113, 116, 117, 120, 122], "summary": {"covered_lines": 7, "num_statements": 17, "percent_covered": 41.1764705882353, "percent_covered_display": "41", "missing_lines": 10, "excluded_lines": 0, "percent_statements_covered": 41.1764705882353, "percent_statements_covered_display": "41"}, "missing_lines": [101, 102, 103, 104, 105, 106, 107, 108, 109, 111], "excluded_lines": [], "start_line": 95}, "StyleConverter.get_color": {"executed_lines": [137, 142, 143, 144, 147, 151, 153, 154, 156], "summary": {"covered_lines": 9, "num_statements": 13, "percent_covered": 69.23076923076923, "percent_covered_display": "69", "missing_lines": 4, "excluded_lines": 0, "percent_statements_covered": 69.23076923076923, "percent_statements_covered_display": "69"}, "missing_lines": [138, 139, 148, 152], "excluded_lines": [], "start_line": 124}, "StyleConverter.parse_color": {"executed_lines": [168, 171, 174, 178, 179], "summary": {"covered_lines": 5, "num_statements": 10, "percent_covered": 50.0, "percent_covered_display": "50", "missing_lines": 5, "excluded_lines": 0, "percent_statements_covered": 50.0, "percent_statements_covered_display": "50"}, "missing_lines": [169, 175, 182, 183, 186], "excluded_lines": [], "start_line": 158}, "StyleConverter.blend_colors": {"executed_lines": [], "summary": {"covered_lines": 0, "num_statements": 20, "percent_covered": 0.0, "percent_covered_display": "0", "missing_lines": 20, "excluded_lines": 0, "percent_statements_covered": 0.0, "percent_statements_covered_display": "0"}, "missing_lines": [203, 206, 207, 208, 209, 211, 212, 214, 215, 218, 219, 220, 221, 222, 223, 224, 225, 228, 229, 230], "excluded_lines": [], "start_line": 188}, "StyleConverter.mix_two_colors": {"executed_lines": [], "summary": {"covered_lines": 0, "num_statements": 9, "percent_covered": 0.0, "percent_covered_display": "0", "missing_lines": 9, "excluded_lines": 0, "percent_statements_covered": 0.0, "percent_statements_covered_display": "0"}, "missing_lines": [245, 246, 249, 250, 251, 254, 255, 256, 258], "excluded_lines": [], "start_line": 232}, "StyleConverter.color_to_rgb": {"executed_lines": [], "summary": {"covered_lines": 0, "num_statements": 9, "percent_covered": 0.0, "percent_covered_display": "0", "missing_lines": 9, "excluded_lines": 0, "percent_statements_covered": 0.0, "percent_statements_covered_display": "0"}, "missing_lines": [271, 272, 273, 274, 276, 279, 280, 281, 286], "excluded_lines": [], "start_line": 260}, "StyleConverter.get_line_width": {"executed_lines": [291, 292, 293, 296, 298, 301], "summary": {"covered_lines": 6, "num_statements": 6, "percent_covered": 100.0, "percent_covered_display": "100", "missing_lines": 0, "excluded_lines": 0, "percent_statements_covered": 100.0, "percent_statements_covered_display": "100"}, "missing_lines": [], "excluded_lines": [], "start_line": 288}, "StyleConverter.get_dash_pattern": {"executed_lines": [305, 306], "summary": {"covered_lines": 2, "num_statements": 7, "percent_covered": 28.571428571428573, "percent_covered_display": "29", "missing_lines": 5, "excluded_lines": 0, "percent_statements_covered": 28.571428571428573, "percent_statements_covered_display": "29"}, "missing_lines": [307, 308, 309, 311, 312], "excluded_lines": [], "start_line": 303}, "": {"executed_lines": [3, 6, 10, 33, 43, 95, 124, 158, 188, 232, 260, 288, 303], "summary": {"covered_lines": 13, "num_statements": 13, "percent_covered": 100.0, "percent_covered_display": "100", "missing_lines": 0, "excluded_lines": 0, "percent_statements_covered": 100.0, "percent_statements_covered_display": "100"}, "missing_lines": [], "excluded_lines": [], "start_line": 1}}, "classes": {"StyleConverter": {"executed_lines": [54, 57, 58, 59, 60, 61, 62, 63, 64, 65, 66, 67, 69, 70, 71, 72, 73, 76, 77, 78, 79, 82, 88, 89, 90, 91, 93, 97, 100, 113, 116, 117, 120, 122, 137, 142, 143, 144, 147, 151, 153, 154, 156, 168, 171, 174, 178, 179, 291, 292, 293, 296, 298, 301, 305, 306], "summary": {"covered_lines": 56, "num_statements": 121, "percent_covered": 46.28099173553719, "percent_covered_display": "46", "missing_lines": 65, "excluded_lines": 0, "percent_statements_covered": 46.28099173553719, "percent_statements_covered_display": "46"}, "missing_lines": [83, 84, 85, 101, 102, 103, 104, 105, 106, 107, 108, 109, 111, 138, 139, 148, 152, 169, 175, 182, 183, 186, 203, 206, 207, 208, 209, 211, 212, 214, 215, 218, 219, 220, 221, 222, 223, 224, 225, 228, 229, 230, 245, 246, 249, 250, 251, 254, 255, 256, 258, 271, 272, 273, 274, 276, 279, 280, 281, 286, 307, 308, 309, 311, 312], "excluded_lines": [], "start_line": 6}, "": {"executed_lines": [3, 6, 10, 33, 43, 95, 124, 158, 188, 232, 260, 288, 303], "summary": {"covered_lines": 13, "num_statements": 13, "percent_covered": 100.0, "percent_covered_display": "100", "missing_lines": 0, "excluded_lines": 0, "percent_statements_covered": 100.0, "percent_statements_covered_display": "100"}, "missing_lines": [], "excluded_lines": [], "start_line": 1}}}}, "totals": {"covered_lines": 383, "num_statements": 558, "percent_covered": 68.63799283154121, "percent_covered_display": "69", "missing_lines": 175, "excluded_lines": 0, "percent_statements_covered": 68.63799283154121, "percent_statements_covered_display": "69"}}